<?xml version="1.0" encoding="UTF-8"?>
<testng-results ignored="0" total="1" passed="1" failed="0" skipped="0">
  <reporter-output>
  </reporter-output>
  <suite started-at="2026-07-24T07:59:07 IST" name="Default suite" finished-at="2026-07-24T07:59:15 IST" duration-ms="7646">
    <groups>
    </groups>
    <test started-at="2026-07-24T07:59:07 IST" name="Default test" finished-at="2026-07-24T07:59:15 IST" duration-ms="7646">
      <class name="project2.validationoptions">
        <test-method is-config="true" signature="beforeTest()[pri:0, instance:project2.validationoptions@489115ef]" started-at="2026-07-24T07:59:07 IST" name="beforeTest" finished-at="2026-07-24T07:59:14 IST" duration-ms="6388" status="PASS">
          <reporter-output>
          </reporter-output>
        </test-method> <!-- beforeTest -->
        <test-method signature="options()[pri:0, instance:project2.validationoptions@489115ef]" started-at="2026-07-24T07:59:14 IST" name="options" finished-at="2026-07-24T07:59:15 IST" duration-ms="1138" status="PASS">
          <reporter-output>
          </reporter-output>
        </test-method> <!-- options -->
        <test-method is-config="true" signature="afterTest()[pri:0, instance:project2.validationoptions@489115ef]" started-at="2026-07-24T07:59:15 IST" name="afterTest" finished-at="2026-07-24T07:59:15 IST" duration-ms="0" status="PASS">
          <reporter-output>
          </reporter-output>
        </test-method> <!-- afterTest -->
      </class> <!-- project2.validationoptions -->
    </test> <!-- Default test -->
  </suite> <!-- Default suite -->
</testng-results>
